<?xml version="1.0" encoding="UTF-8"?>
<!-- Generated by org.testng.reporters.JUnitReportReporter -->
<testsuite hostname="DELL" failures="0" tests="2" name="Test_Program1" time="90.904" errors="0" timestamp="25 Jun 2021 12:11:20 GMT">
  <testcase classname="Test_Program1" name="test1" time="50.369"/>
  <testcase classname="Test_Program1" name="test2" time="40.535"/>
</testsuite> <!-- Test_Program1 -->
